[20:00:53] [Server thread/INFO]: Starting minecraft server version 1.9
[20:00:53] [Server thread/INFO]: Loading properties
[20:00:53] [Server thread/INFO]: Default game type: SURVIVAL
[20:00:53] [Server thread/INFO]: Generating keypair
[20:00:54] [Server thread/INFO]: Starting Minecraft server on *:25565
[20:00:54] [Server thread/INFO]: Using default channel type
[20:00:55] [Server thread/WARN]: **** SERVER IS RUNNING IN OFFLINE/INSECURE MODE!
[20:00:55] [Server thread/WARN]: The server will make no attempt to authenticate usernames. Beware.
[20:00:55] [Server thread/WARN]: While this makes the game possible to play without internet access, it also opens up the ability for hackers to connect with any username they choose.
[20:00:55] [Server thread/WARN]: To change this, set "online-mode" to "true" in the server.properties file.
[20:00:55] [Server thread/INFO]: Preparing level "world"
[20:00:55] [Server thread/INFO]: Preparing start region for level 0
[20:00:57] [Server thread/INFO]: Preparing spawn area: 0%
[20:00:58] [Server thread/INFO]: Preparing spawn area: 24%
[20:00:59] [Server thread/INFO]: Preparing spawn area: 37%
[20:01:00] [Server thread/INFO]: Preparing spawn area: 76%
[20:01:00] [Server thread/INFO]: Done (5.415s)! For help, type "help" or "?"
[20:15:56] [Server thread/INFO]: abc850617[/25.78.126.63:1891] logged in with entity id 288 at (-409.3908894308091, 61.0, 219.21786937954963)
[20:15:56] [Server thread/INFO]: abc850617 joined the game
[20:17:04] [Server thread/INFO]: <abc850617> -1539.5 37 1503.5
[20:17:32] [Server thread/INFO]: [abc850617: Set own game mode to Creative Mode]
[20:17:34] [Server thread/INFO]: [abc850617: Set own game mode to Spectator Mode]
[20:17:47] [Server thread/INFO]: [abc850617: Set own game mode to Creative Mode]
[20:18:44] [Server thread/INFO]: <abc850617> -1539.5 37 1503.5
[20:18:48] [Server thread/INFO]: [abc850617: Set own game mode to Spectator Mode]
[20:19:16] [Server thread/INFO]: [abc850617: Set own game mode to Creative Mode]
[20:22:07] [Server thread/INFO]: <abc850617> -1539.5 37 1503.5
[20:22:20] [Server thread/INFO]: <abc850617> -1539.5 37 1503.5
[20:23:27] [Server thread/INFO]: [abc850617: Set own game mode to Spectator Mode]
[20:23:44] [Server thread/INFO]: [abc850617: Set own game mode to Creative Mode]
[20:25:07] [Server thread/INFO]: [abc850617: Set own game mode to Spectator Mode]
[20:25:28] [Server thread/INFO]: [abc850617: Set own game mode to Adventure Mode]
[20:25:33] [Server thread/INFO]: [abc850617: Set own game mode to Creative Mode]
[20:34:58] [Server thread/INFO]: abc850617 fell out of the world
[20:34:58] [Server thread/INFO]: [abc850617: Killed abc850617]
[20:35:12] [Server thread/INFO]: [abc850617: Set own game mode to Survival Mode]
[20:36:03] [Server thread/INFO]: [abc850617: Set own game mode to Creative Mode]
[20:36:21] [Server thread/INFO]: [abc850617: Set own game mode to Survival Mode]
[20:37:00] [Server thread/INFO]: <abc850617> -1539.5 37 1503.5
[20:37:20] [Server thread/INFO]: <abc850617> -1539.5 37 1503.5
[20:37:40] [Server thread/INFO]: <abc850617> -1539.5 37 1503.5
[20:38:21] [Server thread/INFO]: [abc850617: Teleported abc850617 to -1539.5, 37.0, 1503.5]
[20:38:28] [Server thread/WARN]: abc850617 moved too quickly! 1639.3207537776273,12.233632006042477,-1504.4424544897247
[20:40:26] [Server thread/INFO]: [abc850617: Set own game mode to Creative Mode]
[20:41:15] [Server thread/INFO]: [abc850617: 98 blocks filled]
[20:42:28] [Server thread/INFO]: [abc850617: 64 blocks filled]
[20:43:28] [Server thread/INFO]: [abc850617: 101 blocks filled]
[20:45:40] [Server thread/INFO]: [abc850617: 1 blocks filled]
[20:45:54] [Server thread/INFO]: [abc850617: 1 blocks filled]
[20:46:08] [Server thread/INFO]: [abc850617: 87 blocks filled]
[20:46:20] [Server thread/INFO]: [abc850617: 85 blocks filled]
[20:46:56] [Server thread/INFO]: [abc850617: 17 blocks filled]
[20:46:58] [Server thread/INFO]: [abc850617: 21 blocks filled]
[20:47:02] [Server thread/INFO]: [abc850617: 55 blocks filled]
[20:47:18] [Server thread/INFO]: [abc850617: 6 blocks filled]
[20:47:21] [Server thread/INFO]: [abc850617: 34 blocks filled]
[20:47:24] [Server thread/INFO]: [abc850617: 32 blocks filled]
[20:50:25] [Server thread/INFO]: [abc850617: Set own game mode to Survival Mode]
[20:51:46] [Server thread/INFO]: abc850617 fell from a high place
[20:52:05] [Server thread/INFO]: [abc850617: Teleported abc850617 to -1539.5, 37.0, 1503.5]
[20:52:08] [Server thread/WARN]: abc850617 moved too quickly! 1639.8146408381385,12.233632006042477,-1504.4290774974656
[20:52:15] [Server thread/INFO]: [abc850617: Teleported abc850617 to 787.5, 66.0, 2406.5]
[20:52:19] [Server thread/INFO]: [abc850617: Teleported abc850617 to 787.5, 66.0, -2405.5]
[20:54:39] [Server thread/INFO]: [abc850617: Set own game mode to Creative Mode]
[20:57:11] [Server thread/INFO]: [abc850617: Set own game mode to Survival Mode]
[20:59:33] [Server thread/INFO]: abc850617 was slain by Shulker
[21:04:10] [Server thread/INFO]: abc850617 lost connection: TextComponent{text='Disconnected', siblings=[], style=Style{hasParent=false, color=null, bold=null, italic=null, underlined=null, obfuscated=null, clickEvent=null, hoverEvent=null, insertion=null}}
[21:04:10] [Server thread/INFO]: abc850617 left the game
[21:20:39] [Server thread/INFO]: Stopping the server
[21:20:39] [Server thread/INFO]: Stopping server
[21:20:39] [Server thread/INFO]: Saving players
[21:20:39] [Server thread/INFO]: Saving worlds
[21:20:39] [Server thread/INFO]: Saving chunks for level 'world'/Overworld
[21:20:40] [Server thread/INFO]: Saving chunks for level 'world'/Nether
[21:20:40] [Server thread/INFO]: Saving chunks for level 'world'/The End
